app/build/outputs/logs/manifest-merger-debug-report.txt
-- Merging decision tree log ---
manifest
ADDED from src/main/AndroidManifest.xml:2:1-180:12
	xmlns:android
		ADDED from src/main/AndroidManifest.xml:2:11-69
	package
		ADDED from src/main/AndroidManifest.xml:3:5-37
		INJECTED from src/main/AndroidManifest.xml
		INJECTED from src/main/AndroidManifest.xml
	android:versionName
		ADDED from src/main/AndroidManifest.xml:5:5-30
		INJECTED from src/main/AndroidManifest.xml
		INJECTED from src/main/AndroidManifest.xml
	android:versionCode
		ADDED from src/main/AndroidManifest.xml:4:5-28
		INJECTED from src/main/AndroidManifest.xml
		INJECTED from src/main/AndroidManifest.xml
uses-sdk
ADDED from src/main/AndroidManifest.xml:7:5-9:41
MERGED from [com.android.support:support-v4:23.0.0] AndroidManifest.xml:20:5-43
	android:targetSdkVersion
		ADDED from src/main/AndroidManifest.xml:9:9-38
		INJECTED from src/main/AndroidManifest.xml
		INJECTED from src/main/AndroidManifest.xml
	android:minSdkVersion
		ADDED from src/main/AndroidManifest.xml:8:9-35
		INJECTED from src/main/AndroidManifest.xml
		INJECTED from src/main/AndroidManifest.xml
uses-permission#android.permission.INTERNET
ADDED from src/main/AndroidManifest.xml:11:5-67
	android:name
		ADDED from src/main/AndroidManifest.xml:11:22-64
uses-permission#android.permission.ACCESS_NETWORK_STATE
ADDED from src/main/AndroidManifest.xml:12:5-79
	android:name
		ADDED from src/main/AndroidManifest.xml:12:22-76
application
ADDED from src/main/AndroidManifest.xml:14:5-178:19
MERGED from [com.android.support:support-v4:23.0.0] AndroidManifest.xml:22:5-20
	android:label
		ADDED from src/main/AndroidManifest.xml:17:9-41
	android:allowBackup
		ADDED from src/main/AndroidManifest.xml:15:9-35
	android:icon
		ADDED from src/main/AndroidManifest.xml:16:9-45
	android:theme
		ADDED from src/main/AndroidManifest.xml:18:9-40
activity#kr.mintech.sleep.tight.activities.StartActivity
ADDED from src/main/AndroidManifest.xml:19:9-29:20
	android:screenOrientation
		ADDED from src/main/AndroidManifest.xml:23:13-49
	android:label
		ADDED from src/main/AndroidManifest.xml:21:13-45
	android:name
		ADDED from src/main/AndroidManifest.xml:20:13-75
	android:launchMode
		ADDED from src/main/AndroidManifest.xml:22:13-43
intent-filter#android.intent.action.MAIN+android.intent.category.LAUNCHER
ADDED from src/main/AndroidManifest.xml:24:13-28:29
action#android.intent.action.MAIN
ADDED from src/main/AndroidManifest.xml:25:17-69
	android:name
		ADDED from src/main/AndroidManifest.xml:25:25-66
category#android.intent.category.LAUNCHER
ADDED from src/main/AndroidManifest.xml:27:17-77
	android:name
		ADDED from src/main/AndroidManifest.xml:27:27-74
activity#kr.mintech.sleep.tight.activities.MainActivity
ADDED from src/main/AndroidManifest.xml:30:9-33:52
	android:screenOrientation
		ADDED from src/main/AndroidManifest.xml:33:13-49
	android:name
		ADDED from src/main/AndroidManifest.xml:31:13-74
	android:launchMode
		ADDED from src/main/AndroidManifest.xml:32:13-43
activity#kr.mintech.sleep.tight.activities.UserInfoRegister
ADDED from src/main/AndroidManifest.xml:34:9-38:40
	android:screenOrientation
		ADDED from src/main/AndroidManifest.xml:37:13-49
	android:noHistory
		ADDED from src/main/AndroidManifest.xml:38:13-37
	android:name
		ADDED from src/main/AndroidManifest.xml:35:13-78
	android:launchMode
		ADDED from src/main/AndroidManifest.xml:36:13-43
activity#kr.mintech.sleep.tight.activities.popups.TimeActivitySelectActivity
ADDED from src/main/AndroidManifest.xml:47:9-51:77
	android:screenOrientation
		ADDED from src/main/AndroidManifest.xml:50:13-49
	android:theme
		ADDED from src/main/AndroidManifest.xml:51:13-74
	android:hardwareAccelerated
		ADDED from src/main/AndroidManifest.xml:49:13-47
	android:name
		ADDED from src/main/AndroidManifest.xml:48:13-95
activity#kr.mintech.sleep.tight.activities.popups.AddActionActivity
ADDED from src/main/AndroidManifest.xml:52:9-56:77
	android:screenOrientation
		ADDED from src/main/AndroidManifest.xml:55:13-49
	android:theme
		ADDED from src/main/AndroidManifest.xml:56:13-74
	android:hardwareAccelerated
		ADDED from src/main/AndroidManifest.xml:54:13-47
	android:name
		ADDED from src/main/AndroidManifest.xml:53:13-86
activity#kr.mintech.sleep.tight.activities.popups.DeleteActionActivity
ADDED from src/main/AndroidManifest.xml:57:9-60:77
	android:screenOrientation
		ADDED from src/main/AndroidManifest.xml:59:13-49
	android:theme
		ADDED from src/main/AndroidManifest.xml:60:13-74
	android:name
		ADDED from src/main/AndroidManifest.xml:58:13-89
activity#kr.mintech.sleep.tight.activities.sleepdiarys.SummaryBinInfoActivity
ADDED from src/main/AndroidManifest.xml:61:9-64:77
	android:screenOrientation
		ADDED from src/main/AndroidManifest.xml:63:13-49
	android:theme
		ADDED from src/main/AndroidManifest.xml:64:13-74
	android:name
		ADDED from src/main/AndroidManifest.xml:62:13-96
activity#kr.mintech.sleep.tight.activities.popups.DeleteTracksActivity
ADDED from src/main/AndroidManifest.xml:72:9-75:77
	android:screenOrientation
		ADDED from src/main/AndroidManifest.xml:74:13-49
	android:theme
		ADDED from src/main/AndroidManifest.xml:75:13-74
	android:name
		ADDED from src/main/AndroidManifest.xml:73:13-89
activity#kr.mintech.sleep.tight.activities.sleepdiarys.AddSleepDiaryActivity
ADDED from src/main/AndroidManifest.xml:85:9-87:52
	android:screenOrientation
		ADDED from src/main/AndroidManifest.xml:87:13-49
	android:name
		ADDED from src/main/AndroidManifest.xml:86:13-95
activity#kr.mintech.sleep.tight.activities.sleepdiarys.SelectBeforeBedActivity
ADDED from src/main/AndroidManifest.xml:88:9-91:77
	android:screenOrientation
		ADDED from src/main/AndroidManifest.xml:90:13-49
	android:theme
		ADDED from src/main/AndroidManifest.xml:91:13-74
	android:name
		ADDED from src/main/AndroidManifest.xml:89:13-97
activity#kr.mintech.sleep.tight.activities.sleepdiarys.SelectSleepDisturbActivity
ADDED from src/main/AndroidManifest.xml:92:9-95:77
	android:screenOrientation
		ADDED from src/main/AndroidManifest.xml:94:13-49
	android:theme
		ADDED from src/main/AndroidManifest.xml:95:13-74
	android:name
		ADDED from src/main/AndroidManifest.xml:93:13-100
activity#kr.mintech.sleep.tight.fragments.DateSpinnerTimeActivity
ADDED from src/main/AndroidManifest.xml:96:9-99:77
	android:screenOrientation
		ADDED from src/main/AndroidManifest.xml:98:13-49
	android:theme
		ADDED from src/main/AndroidManifest.xml:99:13-74
	android:name
		ADDED from src/main/AndroidManifest.xml:97:13-84
activity#kr.mintech.sleep.tight.activities.settings.SettingActivity
ADDED from src/main/AndroidManifest.xml:103:9-105:52
	android:screenOrientation
		ADDED from src/main/AndroidManifest.xml:105:13-49
	android:name
		ADDED from src/main/AndroidManifest.xml:104:13-86
activity#kr.mintech.sleep.tight.activities.settings.BeforeBedActEditActivity
ADDED from src/main/AndroidManifest.xml:106:9-108:52
	android:screenOrientation
		ADDED from src/main/AndroidManifest.xml:108:13-49
	android:name
		ADDED from src/main/AndroidManifest.xml:107:13-95
activity#kr.mintech.sleep.tight.activities.settings.SleepDisturbEditActivity
ADDED from src/main/AndroidManifest.xml:109:9-111:52
	android:screenOrientation
		ADDED from src/main/AndroidManifest.xml:111:13-49
	android:name
		ADDED from src/main/AndroidManifest.xml:110:13-95
activity#kr.mintech.sleep.tight.activities.settings.EditActListActivity
ADDED from src/main/AndroidManifest.xml:112:9-114:52
	android:screenOrientation
		ADDED from src/main/AndroidManifest.xml:114:13-49
	android:name
		ADDED from src/main/AndroidManifest.xml:113:13-90
activity#kr.mintech.sleep.tight.activities.settings.AddSleepDisturbActivity
ADDED from src/main/AndroidManifest.xml:115:9-120:63
	android:windowSoftInputMode
		ADDED from src/main/AndroidManifest.xml:120:13-60
	android:screenOrientation
		ADDED from src/main/AndroidManifest.xml:118:13-49
	android:theme
		ADDED from src/main/AndroidManifest.xml:119:13-74
	android:hardwareAccelerated
		ADDED from src/main/AndroidManifest.xml:117:13-47
	android:name
		ADDED from src/main/AndroidManifest.xml:116:13-94
activity#kr.mintech.sleep.tight.activities.settings.AddBeforeBedActActivity
ADDED from src/main/AndroidManifest.xml:121:9-126:63
	android:windowSoftInputMode
		ADDED from src/main/AndroidManifest.xml:126:13-60
	android:screenOrientation
		ADDED from src/main/AndroidManifest.xml:124:13-49
	android:theme
		ADDED from src/main/AndroidManifest.xml:125:13-74
	android:hardwareAccelerated
		ADDED from src/main/AndroidManifest.xml:123:13-47
	android:name
		ADDED from src/main/AndroidManifest.xml:122:13-94
receiver#kr.mintech.sleep.tight.widgets.LockScreenReceiver
ADDED from src/main/AndroidManifest.xml:131:9-138:20
	android:label
		ADDED from src/main/AndroidManifest.xml:134:13-45
	android:description
		ADDED from src/main/AndroidManifest.xml:133:13-51
	android:name
		ADDED from src/main/AndroidManifest.xml:132:13-55
meta-data#android.app.device_admin
ADDED from src/main/AndroidManifest.xml:135:13-137:61
	android:resource
		ADDED from src/main/AndroidManifest.xml:137:17-58
	android:name
		ADDED from src/main/AndroidManifest.xml:136:17-56
receiver#kr.mintech.sleep.tight.widgets.LockScreenProvider
ADDED from src/main/AndroidManifest.xml:139:9-148:20
	android:name
		ADDED from src/main/AndroidManifest.xml:139:19-61
meta-data#android.appwidget.provider
ADDED from src/main/AndroidManifest.xml:140:13-142:67
	android:resource
		ADDED from src/main/AndroidManifest.xml:142:17-64
	android:name
		ADDED from src/main/AndroidManifest.xml:141:17-58
intent-filter#android.appwidget.action.APPWIDGET_UPDATE+com.example.sleeptight.savebroadcast
ADDED from src/main/AndroidManifest.xml:144:13-147:29
action#android.appwidget.action.APPWIDGET_UPDATE
ADDED from src/main/AndroidManifest.xml:145:17-84
	android:name
		ADDED from src/main/AndroidManifest.xml:145:25-81
action#com.example.sleeptight.savebroadcast
ADDED from src/main/AndroidManifest.xml:146:17-79
	android:name
		ADDED from src/main/AndroidManifest.xml:146:25-76
service#kr.mintech.sleep.tight.services.SleepTightService
ADDED from src/main/AndroidManifest.xml:150:9-151:19
	android:name
		ADDED from src/main/AndroidManifest.xml:150:18-60
service#kr.mintech.sleep.tight.activities.Local_db.backgroundTask
ADDED from src/main/AndroidManifest.xml:153:9-154:40
	android:exported
		ADDED from src/main/AndroidManifest.xml:154:13-37
	android:name
		ADDED from src/main/AndroidManifest.xml:153:18-90
receiver#kr.mintech.sleep.tight.widgets.MyWidgetIntentReceiver
ADDED from src/main/AndroidManifest.xml:156:9-164:20
	android:name
		ADDED from src/main/AndroidManifest.xml:156:19-65
intent-filter#kr.mintech.add.action
ADDED from src/main/AndroidManifest.xml:157:13-159:29
action#kr.mintech.add.action
ADDED from src/main/AndroidManifest.xml:158:17-64
	android:name
		ADDED from src/main/AndroidManifest.xml:158:25-61
receiver#kr.mintech.sleep.tight.services.BroadCastReceiver
ADDED from src/main/AndroidManifest.xml:167:9-177:20
	android:label
		ADDED from src/main/AndroidManifest.xml:170:13-45
	android:enabled
		ADDED from src/main/AndroidManifest.xml:169:13-35
	android:name
		ADDED from src/main/AndroidManifest.xml:168:13-77
	android:launchMode
		ADDED from src/main/AndroidManifest.xml:171:13-44
intent-filter#kr.mintech.main.refresh+kr.mintech.reminder+kr.mintech.restart
ADDED from src/main/AndroidManifest.xml:172:13-176:29
action#kr.mintech.restart
ADDED from src/main/AndroidManifest.xml:173:17-61
	android:name
		ADDED from src/main/AndroidManifest.xml:173:25-58
action#kr.mintech.reminder
ADDED from src/main/AndroidManifest.xml:174:17-62
	android:name
		ADDED from src/main/AndroidManifest.xml:174:25-59
action#kr.mintech.main.refresh
ADDED from src/main/AndroidManifest.xml:175:17-66
	android:name
		ADDED from src/main/AndroidManifest.xml:175:25-63